[I 2026-05-28 18:37:29,450] Trial 56 finished with value: -1.5 and parameters: {'signals.rvol_so_far_min': 1.6507507151585934, 'signals.rvol_so_far_max': 10.701746596381884, 'signals.projected_full_day_rvol_min': 0.7052006681684155, 'signals.projected_full_day_rvol_max': 10.866399077072709, 'signals.prior_atr_pct_min': 0.057027562155337934, 'signals.range_expansion_so_far_min': 0.8486858717018829, 'signals.range_expansion_so_far_max': 4.099227829631965, 'signals.close_location_so_far_min': 0.38832738704100545, 'signals.ema_distance_min': 0.15939067141394095, 'signals.ema_slope_min': 0.019242074714995207, 'signals.gap_pct_max': 0.11424869959350119, 'signals.current_return_pct_max': 0.43156219120919515, 'sizing.equal_slice_bankroll_fraction': 0.5630683795064431, 'sizing.target_risk_dollars': 608.8962357188802, 'sizing.max_concurrent_positions': 3, 'risk.daily_loss_pct': 0.039044227798138924, 'risk.max_gross_exposure_pct': 0.24440294141639968, 'risk.max_total_entries_per_day': 6, 'risk.max_lots_per_symbol': 2, 'risk.max_stopouts_per_day': 7, 'risk.stop_trading_after_consecutive_stopouts': 6, 'execution.max_quote_age_seconds': 22, 'execution.max_spread_bps': 164, 'exits.stop_pct': 0.08727107437367582, 'exits.target_pct': 0.308119861631123, 'exits.max_hold_days': 9, 'exits.time_stop.exit_time': '15:30', 'exits.signal_fade.score_thresholds.soft': 0.4117307843073077, 'exits.signal_fade.score_thresholds.hard': 0.5146391840052633, 'exits.signal_fade.score_thresholds.critical': 0.8110740473004009}. Best is trial 17 with value: -1.5.
[I 2026-05-28 18:37:36,560] Trial 55 finished with value: -1.5 and parameters: {'signals.rvol_so_far_min': 1.5454386001303264, 'signals.rvol_so_far_max': 11.201068760760933, 'signals.projected_full_day_rvol_min': 0.6890935217710449, 'signals.projected_full_day_rvol_max': 11.443482594531943, 'signals.prior_atr_pct_min': 0.05290461920858425, 'signals.range_expansion_so_far_min': 1.000922215580567, 'signals.range_expansion_so_far_max': 4.272108709457112, 'signals.close_location_so_far_min': 0.3899561854025982, 'signals.ema_distance_min': -0.020718183723244063, 'signals.ema_slope_min': 0.008414969522282446, 'signals.gap_pct_max': 0.11717286796230741, 'signals.current_return_pct_max': 0.6286869315981207, 'sizing.equal_slice_bankroll_fraction': 0.5689262310124013, 'sizing.target_risk_dollars': 191.12484998373606, 'sizing.max_concurrent_positions': 1, 'risk.daily_loss_pct': 0.009303780556802248, 'risk.max_gross_exposure_pct': 0.28119925151503317, 'risk.max_total_entries_per_day': 10, 'risk.max_lots_per_symbol': 2, 'risk.max_stopouts_per_day': 7, 'risk.stop_trading_after_consecutive_stopouts': 7, 'execution.max_quote_age_seconds': 20, 'execution.max_spread_bps': 200, 'exits.stop_pct': 0.07898816729893429, 'exits.target_pct': 0.3301979012233077, 'exits.max_hold_days': 9, 'exits.time_stop.exit_time': '15:30', 'exits.signal_fade.score_thresholds.soft': 0.3577369017572938, 'exits.signal_fade.score_thresholds.hard': 0.5164722200268961, 'exits.signal_fade.score_thresholds.critical': 0.6087032193367226}. Best is trial 17 with value: -1.5.
[I 2026-05-28 18:38:10,975] Trial 57 finished with value: -1.5 and parameters: {'signals.rvol_so_far_min': 1.673338664233679, 'signals.rvol_so_far_max': 11.365806166462248, 'signals.projected_full_day_rvol_min': 1.3377173520621977, 'signals.projected_full_day_rvol_max': 11.487656062894203, 'signals.prior_atr_pct_min': 0.052719670584346304, 'signals.range_expansion_so_far_min': 1.3748870751480833, 'signals.range_expansion_so_far_max': 4.101177341028027, 'signals.close_location_so_far_min': 0.6002665729837033, 'signals.ema_distance_min': 0.13725223429793348, 'signals.ema_slope_min': 0.02042706623596653, 'signals.gap_pct_max': 0.11694732200105676, 'signals.current_return_pct_max': 0.5151124947664717, 'sizing.equal_slice_bankroll_fraction': 0.5607650360843118, 'sizing.target_risk_dollars': 215.33583356152997, 'sizing.max_concurrent_positions': 30, 'risk.daily_loss_pct': 0.011934901742732297, 'risk.max_gross_exposure_pct': 0.2823147654999899, 'risk.max_total_entries_per_day': 6, 'risk.max_lots_per_symbol': 2, 'risk.max_stopouts_per_day': 6, 'risk.stop_trading_after_consecutive_stopouts': 7, 'execution.max_quote_age_seconds': 20, 'execution.max_spread_bps': 160, 'exits.stop_pct': 0.08642262542747753, 'exits.target_pct': 0.3174031576469398, 'exits.max_hold_days': 9, 'exits.time_stop.exit_time': '15:30', 'exits.signal_fade.score_thresholds.soft': 0.411503130720283, 'exits.signal_fade.score_thresholds.hard': 0.6598567728146609, 'exits.signal_fade.score_thresholds.critical': 0.8015922994238149}. Best is trial 17 with value: -1.5.
[I 2026-05-28 18:38:40,829] Trial 58 finished with value: -1.5 and parameters: {'signals.rvol_so_far_min': 1.5851443295061722, 'signals.rvol_so_far_max': 10.897992603531394, 'signals.projected_full_day_rvol_min': 0.6781485655968879, 'signals.projected_full_day_rvol_max': 10.793119954126944, 'signals.prior_atr_pct_min': 0.052702455174077664, 'signals.range_expansion_so_far_min': 1.3672324651716605, 'signals.range_expansion_so_far_max': 4.191315112506784, 'signals.close_location_so_far_min': 0.38087569850869407, 'signals.ema_distance_min': 0.0783504830078904, 'signals.ema_slope_min': -0.08045630492039553, 'signals.gap_pct_max': 0.10983671629372982, 'signals.current_return_pct_max': 0.6274974351903932, 'sizing.equal_slice_bankroll_fraction': 0.5767595746023102, 'sizing.target_risk_dollars': 621.8994813789367, 'sizing.max_concurrent_positions': 7, 'risk.daily_loss_pct': 0.014094894769622855, 'risk.max_gross_exposure_pct': 0.2859332690583876, 'risk.max_total_entries_per_day': 6, 'risk.max_lots_per_symbol': 2, 'risk.max_stopouts_per_day': 7, 'risk.stop_trading_after_consecutive_stopouts': 6, 'execution.max_quote_age_seconds': 19, 'execution.max_spread_bps': 147, 'exits.stop_pct': 0.08015208566230286, 'exits.target_pct': 0.31059351563134974, 'exits.max_hold_days': 9, 'exits.time_stop.exit_time': '15:30', 'exits.signal_fade.score_thresholds.soft': 0.40624500174350814, 'exits.signal_fade.score_thresholds.hard': 0.667450652164516, 'exits.signal_fade.score_thresholds.critical': 0.8059346253874781}. Best is trial 17 with value: -1.5.
[I 2026-05-28 18:40:41,167] Trial 59 finished with value: -1.5 and parameters: {'signals.rvol_so_far_min': 1.7339566642344997, 'signals.rvol_so_far_max': 11.17889165778018, 'signals.projected_full_day_rvol_min': 0.680929543565212, 'signals.projected_full_day_rvol_max': 10.978496962460605, 'signals.prior_atr_pct_min': 0.04465783317104802, 'signals.range_expansion_so_far_min': 1.407468451509795, 'signals.range_expansion_so_far_max': 3.9128694265627044, 'signals.close_location_so_far_min': 0.40200320901611375, 'signals.ema_distance_min': -0.018992904619169748, 'signals.ema_slope_min': -0.08675224418187653, 'signals.gap_pct_max': 0.11004343122914591, 'signals.current_return_pct_max': 0.6503472289962153, 'sizing.equal_slice_bankroll_fraction': 0.5573602928292366, 'sizing.target_risk_dollars': 641.5175941802878, 'sizing.max_concurrent_positions': 1, 'risk.daily_loss_pct': 0.01169502954311617, 'risk.max_gross_exposure_pct': 0.2059665432720159, 'risk.max_total_entries_per_day': 6, 'risk.max_lots_per_symbol': 2, 'risk.max_stopouts_per_day': 7, 'risk.stop_trading_after_consecutive_stopouts': 7, 'execution.max_quote_age_seconds': 21, 'execution.max_spread_bps': 146, 'exits.stop_pct': 0.07943432294249086, 'exits.target_pct': 0.3171661423726692, 'exits.max_hold_days': 9, 'exits.time_stop.exit_time': '15:30', 'exits.signal_fade.score_thresholds.soft': 0.4019998155634269, 'exits.signal_fade.score_thresholds.hard': 0.6489903597583226, 'exits.signal_fade.score_thresholds.critical': 0.6057177851213044}. Best is trial 17 with value: -1.5.
[I 2026-05-28 19:17:06,067] Trial 60 finished with value: -1.5 and parameters: {'signals.rvol_so_far_min': 1.49232396037961, 'signals.rvol_so_far_max': 10.944137954697705, 'signals.projected_full_day_rvol_min': 0.6793350702926271, 'signals.projected_full_day_rvol_max': 11.052406500173, 'signals.prior_atr_pct_min': 0.05420665976515833, 'signals.range_expansion_so_far_min': 1.1394199983224933, 'signals.range_expansion_so_far_max': 3.8662305629169764, 'signals.close_location_so_far_min': 0.38315235348870574, 'signals.ema_distance_min': 0.14571602176144946, 'signals.ema_slope_min': 0.024634382045814873, 'signals.gap_pct_max': 0.11612948887932943, 'signals.current_return_pct_max': 0.633494560185209, 'sizing.equal_slice_bankroll_fraction': 0.5339293303574584, 'sizing.target_risk_dollars': 610.7033111547449, 'sizing.max_concurrent_positions': 30, 'risk.daily_loss_pct': 0.005358958860592445, 'risk.max_gross_exposure_pct': 0.21667873873660448, 'risk.max_total_entries_per_day': 21, 'risk.max_lots_per_symbol': 2, 'risk.max_stopouts_per_day': 6, 'risk.stop_trading_after_consecutive_stopouts': 5, 'execution.max_quote_age_seconds': 22, 'execution.max_spread_bps': 165, 'exits.stop_pct': 0.07872403934850275, 'exits.target_pct': 0.31498053006242294, 'exits.max_hold_days': 8, 'exits.time_stop.exit_time': '15:30', 'exits.signal_fade.score_thresholds.soft': 0.3645029427719068, 'exits.signal_fade.score_thresholds.hard': 0.6686686277956535, 'exits.signal_fade.score_thresholds.critical': 0.8181978852174706}. Best is trial 17 with value: -1.5.
[I 2026-05-28 19:18:13,872] Trial 61 finished with value: -1.5 and parameters: {'signals.rvol_so_far_min': 2.672939783095426, 'signals.rvol_so_far_max': 15.730815610433844, 'signals.projected_full_day_rvol_min': 1.3551149228763024, 'signals.projected_full_day_rvol_max': 11.178651855189077, 'signals.prior_atr_pct_min': 0.04636534864592192, 'signals.range_expansion_so_far_min': 1.379931357960838, 'signals.range_expansion_so_far_max': 3.751172001403984, 'signals.close_location_so_far_min': 0.6066232090723175, 'signals.ema_distance_min': 0.17873846613963015, 'signals.ema_slope_min': 0.028703243349774483, 'signals.gap_pct_max': 0.10935017318873118, 'signals.current_return_pct_max': 0.6239238706398137, 'sizing.equal_slice_bankroll_fraction': 0.7024645078858278, 'sizing.target_risk_dollars': 623.2125994787484, 'sizing.max_concurrent_positions': 7, 'risk.daily_loss_pct': 0.04952845565960515, 'risk.max_gross_exposure_pct': 0.21741097953148586, 'risk.max_total_entries_per_day': 21, 'risk.max_lots_per_symbol': 2, 'risk.max_stopouts_per_day': 6, 'risk.stop_trading_after_consecutive_stopouts': 5, 'execution.max_quote_age_seconds': 29, 'execution.max_spread_bps': 168, 'exits.stop_pct': 0.083767498870753, 'exits.target_pct': 0.30730777233149464, 'exits.max_hold_days': 8, 'exits.time_stop.exit_time': '15:30', 'exits.signal_fade.score_thresholds.soft': 0.4065643576871853, 'exits.signal_fade.score_thresholds.hard': 0.6648063603535278, 'exits.signal_fade.score_thresholds.critical': 0.8126889439962905}. Best is trial 17 with value: -1.5.
[I 2026-05-28 19:18:48,929] Trial 62 finished with value: -1.5 and parameters: {'signals.rvol_so_far_min': 0.8724575652579474, 'signals.rvol_so_far_max': 14.791652295756734, 'signals.projected_full_day_rvol_min': 1.6196146830618143, 'signals.projected_full_day_rvol_max': 12.658413343667196, 'signals.prior_atr_pct_min': 0.194739259248064, 'signals.range_expansion_so_far_min': 1.329074969314753, 'signals.range_expansion_so_far_max': 3.9489971851342767, 'signals.close_location_so_far_min': 0.399807741606477, 'signals.ema_distance_min': 0.15108789652355978, 'signals.ema_slope_min': 0.029673465835004124, 'signals.gap_pct_max': 0.09274743352822662, 'signals.current_return_pct_max': 0.971227614170832, 'sizing.equal_slice_bankroll_fraction': 0.4781427329761698, 'sizing.target_risk_dollars': 186.4719714062826, 'sizing.max_concurrent_positions': 18, 'risk.daily_loss_pct': 0.04792425922948558, 'risk.max_gross_exposure_pct': 0.2216934727127546, 'risk.max_total_entries_per_day': 22, 'risk.max_lots_per_symbol': 2, 'risk.max_stopouts_per_day': 3, 'risk.stop_trading_after_consecutive_stopouts': 5, 'execution.max_quote_age_seconds': 117, 'execution.max_spread_bps': 169, 'exits.stop_pct': 0.09430741204322293, 'exits.target_pct': 0.30582858918484, 'exits.max_hold_days': 8, 'exits.time_stop.exit_time': '15:30', 'exits.signal_fade.score_thresholds.soft': 0.4155551667495154, 'exits.signal_fade.score_thresholds.hard': 0.6652169510714618, 'exits.signal_fade.score_thresholds.critical': 0.8042312720686597}. Best is trial 17 with value: -1.5.
[I 2026-05-28 19:20:48,231] Trial 63 finished with value: -1.5 and parameters: {'signals.rvol_so_far_min': 1.4731167217097465, 'signals.rvol_so_far_max': 15.432901642063687, 'signals.projected_full_day_rvol_min': 1.3739755678055452, 'signals.projected_full_day_rvol_max': 14.43040140597357, 'signals.prior_atr_pct_min': 0.17421952293409548, 'signals.range_expansion_so_far_min': 1.385301211948547, 'signals.range_expansion_so_far_max': 3.6030562735591083, 'signals.close_location_so_far_min': 0.6037064488208096, 'signals.ema_distance_min': 0.17016296497817093, 'signals.ema_slope_min': 0.02708615632076486, 'signals.gap_pct_max': 0.3134850857647927, 'signals.current_return_pct_max': 0.9513424899922002, 'sizing.equal_slice_bankroll_fraction': 0.4601807690373271, 'sizing.target_risk_dollars': 190.05770013362283, 'sizing.max_concurrent_positions': 7, 'risk.daily_loss_pct': 0.042256769973052964, 'risk.max_gross_exposure_pct': 0.9023044682679874, 'risk.max_total_entries_per_day': 22, 'risk.max_lots_per_symbol': 2, 'risk.max_stopouts_per_day': 6, 'risk.stop_trading_after_consecutive_stopouts': 4, 'execution.max_quote_age_seconds': 108, 'execution.max_spread_bps': 159, 'exits.stop_pct': 0.09186713591843465, 'exits.target_pct': 0.30365693395147403, 'exits.max_hold_days': 9, 'exits.time_stop.exit_time': '15:30', 'exits.signal_fade.score_thresholds.soft': 0.38941439570391, 'exits.signal_fade.score_thresholds.hard': 0.671830141716805, 'exits.signal_fade.score_thresholds.critical': 0.8224587462156611}. Best is trial 17 with value: -1.5.
[I 2026-05-28 19:20:54,774] Trial 64 finished with value: -1.5 and parameters: {'signals.rvol_so_far_min': 1.4696206522223594, 'signals.rvol_so_far_max': 15.46127241694718, 'signals.projected_full_day_rvol_min': 1.3520858730468537, 'signals.projected_full_day_rvol_max': 14.496398896688113, 'signals.prior_atr_pct_min': 0.1994727090996589, 'signals.range_expansion_so_far_min': 1.357578691875666, 'signals.range_expansion_so_far_max': 3.7535979769075576, 'signals.close_location_so_far_min': 0.5947948588788362, 'signals.ema_distance_min': 0.15068859165909343, 'signals.ema_slope_min': 0.024104664735757057, 'signals.gap_pct_max': 0.3095514994561513, 'signals.current_return_pct_max': 0.9597804821105795, 'sizing.equal_slice_bankroll_fraction': 0.4782340224546539, 'sizing.target_risk_dollars': 204.69900743740294, 'sizing.max_concurrent_positions': 18, 'risk.daily_loss_pct': 0.04628060988239953, 'risk.max_gross_exposure_pct': 0.4875059973221798, 'risk.max_total_entries_per_day': 21, 'risk.max_lots_per_symbol': 5, 'risk.max_stopouts_per_day': 3, 'risk.stop_trading_after_consecutive_stopouts': 4, 'execution.max_quote_age_seconds': 60, 'execution.max_spread_bps': 163, 'exits.stop_pct': 0.11143335812677561, 'exits.target_pct': 0.369494947319888, 'exits.max_hold_days': 8, 'exits.time_stop.exit_time': '15:30', 'exits.signal_fade.score_thresholds.soft': 0.36973159381668597, 'exits.signal_fade.score_thresholds.hard': 0.6633882630313458, 'exits.signal_fade.score_thresholds.critical': 0.840572327897271}. Best is trial 17 with value: -1.5.
[I 2026-05-28 19:21:48,877] Trial 65 finished with value: -1.5 and parameters: {'signals.rvol_so_far_min': 0.6791113214858087, 'signals.rvol_so_far_max': 15.781178313329653, 'signals.projected_full_day_rvol_min': 1.3397278074448904, 'signals.projected_full_day_rvol_max': 7.1608816257358825, 'signals.prior_atr_pct_min': 0.1993191642994768, 'signals.range_expansion_so_far_min': 1.166924051486468, 'signals.range_expansion_so_far_max': 3.5855257869906536, 'signals.close_location_so_far_min': 0.629763008695194, 'signals.ema_distance_min': 0.13494444015463386, 'signals.ema_slope_min': -0.08107577851141264, 'signals.gap_pct_max': 0.33881677343382866, 'signals.current_return_pct_max': 0.9448975823169232, 'sizing.equal_slice_bankroll_fraction': 0.47919115743818225, 'sizing.target_risk_dollars': 184.4394370610327, 'sizing.max_concurrent_positions': 30, 'risk.daily_loss_pct': 0.05039825273682208, 'risk.max_gross_exposure_pct': 0.9010584530483977, 'risk.max_total_entries_per_day': 21, 'risk.max_lots_per_symbol': 5, 'risk.max_stopouts_per_day': 3, 'risk.stop_trading_after_consecutive_stopouts': 4, 'execution.max_quote_age_seconds': 120, 'execution.max_spread_bps': 143, 'exits.stop_pct': 0.053661636270094036, 'exits.target_pct': 0.37664987350265755, 'exits.max_hold_days': 8, 'exits.time_stop.exit_time': '15:30', 'exits.signal_fade.score_thresholds.soft': 0.2965773406071174, 'exits.signal_fade.score_thresholds.hard': 0.6708650635179936, 'exits.signal_fade.score_thresholds.critical': 0.8441836926575879}. Best is trial 17 with value: -1.5.
[I 2026-05-28 19:22:32,479] Trial 66 finished with value: -1.5 and parameters: {'signals.rvol_so_far_min': 0.717202838990218, 'signals.rvol_so_far_max': 15.011292481643961, 'signals.projected_full_day_rvol_min': 1.5296291612362904, 'signals.projected_full_day_rvol_max': 14.27697124397872, 'signals.prior_atr_pct_min': 0.168422764831084, 'signals.range_expansion_so_far_min': 1.374356498385133, 'signals.range_expansion_so_far_max': 3.7363906055412057, 'signals.close_location_so_far_min': 0.6046957504604036, 'signals.ema_distance_min': 0.21999028058680653, 'signals.ema_slope_min': -0.07736904084607227, 'signals.gap_pct_max': 0.3153647310308796, 'signals.current_return_pct_max': 0.9728798385023165, 'sizing.equal_slice_bankroll_fraction': 0.4728728078835069, 'sizing.target_risk_dollars': 168.06968824811437, 'sizing.max_concurrent_positions': 7, 'risk.daily_loss_pct': 0.046486700308168497, 'risk.max_gross_exposure_pct': 0.8809705262476573, 'risk.max_total_entries_per_day': 22, 'risk.max_lots_per_symbol': 5, 'risk.max_stopouts_per_day': 3, 'risk.stop_trading_after_consecutive_stopouts': 4, 'execution.max_quote_age_seconds': 119, 'execution.max_spread_bps': 149, 'exits.stop_pct': 0.10765788976858162, 'exits.target_pct': 0.14643624434366334, 'exits.max_hold_days': 8, 'exits.time_stop.exit_time': '15:45', 'exits.signal_fade.score_thresholds.soft': 0.2958261432496954, 'exits.signal_fade.score_thresholds.hard': 0.6187198500822223, 'exits.signal_fade.score_thresholds.critical': 0.84558447670562}. Best is trial 17 with value: -1.5.
[I 2026-05-28 19:23:11,107] Trial 67 finished with value: -1.5 and parameters: {'signals.rvol_so_far_min': 0.6908248267477919, 'signals.rvol_so_far_max': 15.141317261245856, 'signals.projected_full_day_rvol_min': 1.4983670114336347, 'signals.projected_full_day_rvol_max': 14.377047842928745, 'signals.prior_atr_pct_min': 0.19698795290745497, 'signals.range_expansion_so_far_min': 1.1734905471972694, 'signals.range_expansion_so_far_max': 3.7586979735383252, 'signals.close_location_so_far_min': 0.631920526847151, 'signals.ema_distance_min': 0.07914792089444919, 'signals.ema_slope_min': -0.0902073883284612, 'signals.gap_pct_max': 0.3282384683801858, 'signals.current_return_pct_max': 0.9954202459665593, 'sizing.equal_slice_bankroll_fraction': 0.4915081665460014, 'sizing.target_risk_dollars': 386.3128597968134, 'sizing.max_concurrent_positions': 18, 'risk.daily_loss_pct': 0.050106766603599764, 'risk.max_gross_exposure_pct': 0.890069346571006, 'risk.max_total_entries_per_day': 21, 'risk.max_lots_per_symbol': 5, 'risk.max_stopouts_per_day': 3, 'risk.stop_trading_after_consecutive_stopouts': 4, 'execution.max_quote_age_seconds': 119, 'execution.max_spread_bps': 102, 'exits.stop_pct': 0.110896807433382, 'exits.target_pct': 0.3671569196856335, 'exits.max_hold_days': 8, 'exits.time_stop.exit_time': '15:45', 'exits.signal_fade.score_thresholds.soft': 0.29570105702105665, 'exits.signal_fade.score_thresholds.hard': 0.6009685907282099, 'exits.signal_fade.score_thresholds.critical': 0.8377935963150839}. Best is trial 17 with value: -1.5.
[I 2026-05-28 19:24:27,625] Trial 68 finished with value: -1.5 and parameters: {'signals.rvol_so_far_min': 0.8927840870032062, 'signals.rvol_so_far_max': 15.421891857356483, 'signals.projected_full_day_rvol_min': 1.742808632402657, 'signals.projected_full_day_rvol_max': 13.952310766076364, 'signals.prior_atr_pct_min': 0.19261156284684489, 'signals.range_expansion_so_far_min': 1.133717908948116, 'signals.range_expansion_so_far_max': 3.6401803090331564, 'signals.close_location_so_far_min': 0.6448239755345688, 'signals.ema_distance_min': 0.22869253749936075, 'signals.ema_slope_min': -0.08738644635991025, 'signals.gap_pct_max': 0.31621378020917457, 'signals.current_return_pct_max': 0.9651692030896222, 'sizing.equal_slice_bankroll_fraction': 0.47585085410307126, 'sizing.target_risk_dollars': 394.8024840568395, 'sizing.max_concurrent_positions': 18, 'risk.daily_loss_pct': 0.05077297579712642, 'risk.max_gross_exposure_pct': 0.5657984042439692, 'risk.max_total_entries_per_day': 22, 'risk.max_lots_per_symbol': 5, 'risk.max_stopouts_per_day': 3, 'risk.stop_trading_after_consecutive_stopouts': 4, 'execution.max_quote_age_seconds': 114, 'execution.max_spread_bps': 104, 'exits.stop_pct': 0.11403186519439062, 'exits.target_pct': 0.3740291087908086, 'exits.max_hold_days': 8, 'exits.time_stop.exit_time': '15:45', 'exits.signal_fade.score_thresholds.soft': 0.29068059424914333, 'exits.signal_fade.score_thresholds.hard': 0.6091635086275807, 'exits.signal_fade.score_thresholds.critical': 0.8521801401095543}. Best is trial 17 with value: -1.5.
