[I 2026-05-28 19:29:27,501] Trial 69 finished with value: -1.5 and parameters: {'signals.rvol_so_far_min': 0.7157534613827902, 'signals.rvol_so_far_max': 15.360033190991942, 'signals.projected_full_day_rvol_min': 1.7365923998203894, 'signals.projected_full_day_rvol_max': 14.212671271558182, 'signals.prior_atr_pct_min': 0.19101279935331877, 'signals.range_expansion_so_far_min': 1.1572815294608494, 'signals.range_expansion_so_far_max': 3.6511438289874034, 'signals.close_location_so_far_min': 0.6511421583037362, 'signals.ema_distance_min': 0.21326907314783014, 'signals.ema_slope_min': -0.05349660736513372, 'signals.gap_pct_max': 0.3136389226894475, 'signals.current_return_pct_max': 0.9902419221542865, 'sizing.equal_slice_bankroll_fraction': 0.4654126536412735, 'sizing.target_risk_dollars': 368.1468960000967, 'sizing.max_concurrent_positions': 18, 'risk.daily_loss_pct': 0.051120378523679594, 'risk.max_gross_exposure_pct': 0.8884558922102088, 'risk.max_total_entries_per_day': 20, 'risk.max_lots_per_symbol': 5, 'risk.max_stopouts_per_day': 3, 'risk.stop_trading_after_consecutive_stopouts': 5, 'execution.max_quote_age_seconds': 109, 'execution.max_spread_bps': 105, 'exits.stop_pct': 0.05526749274406971, 'exits.target_pct': 0.3893741892835041, 'exits.max_hold_days': 8, 'exits.time_stop.exit_time': '15:45', 'exits.signal_fade.score_thresholds.soft': 0.2840108790084037, 'exits.signal_fade.score_thresholds.hard': 0.5942316998063882, 'exits.signal_fade.score_thresholds.critical': 0.7225422052514047}. Best is trial 17 with value: -1.5.
[I 2026-05-28 20:03:58,738] Trial 70 finished with value: -1.5 and parameters: {'signals.rvol_so_far_min': 0.6824173720029717, 'signals.rvol_so_far_max': 15.448649842939638, 'signals.projected_full_day_rvol_min': 1.7925775284603922, 'signals.projected_full_day_rvol_max': 7.035801914561716, 'signals.prior_atr_pct_min': 0.012296302558659614, 'signals.range_expansion_so_far_min': 1.973227125426724, 'signals.range_expansion_so_far_max': 3.469313495719515, 'signals.close_location_so_far_min': 0.6324650179415756, 'signals.ema_distance_min': 0.2284921691382593, 'signals.ema_slope_min': -0.053539241969110626, 'signals.gap_pct_max': 0.5189852926132495, 'signals.current_return_pct_max': 0.9737506569963773, 'sizing.equal_slice_bankroll_fraction': 0.4741005276181109, 'sizing.target_risk_dollars': 173.991625000327, 'sizing.max_concurrent_positions': 25, 'risk.daily_loss_pct': 0.044314800126454966, 'risk.max_gross_exposure_pct': 0.9225436900521412, 'risk.max_total_entries_per_day': 23, 'risk.max_lots_per_symbol': 5, 'risk.max_stopouts_per_day': 3, 'risk.stop_trading_after_consecutive_stopouts': 4, 'execution.max_quote_age_seconds': 112, 'execution.max_spread_bps': 99, 'exits.stop_pct': 0.11804197145207485, 'exits.target_pct': 0.3686559115885331, 'exits.max_hold_days': 3, 'exits.time_stop.exit_time': '15:45', 'exits.signal_fade.score_thresholds.soft': 0.3022693053625912, 'exits.signal_fade.score_thresholds.hard': 0.5851941622893558, 'exits.signal_fade.score_thresholds.critical': 0.8496813865574288}. Best is trial 17 with value: -1.5.
[I 2026-05-28 20:04:50,131] Trial 71 finished with value: -1.5 and parameters: {'signals.rvol_so_far_min': 0.6856538357014481, 'signals.rvol_so_far_max': 18.006414098792582, 'signals.projected_full_day_rvol_min': 1.6548221809601, 'signals.projected_full_day_rvol_max': 6.882712924497077, 'signals.prior_atr_pct_min': 0.0690917531336753, 'signals.range_expansion_so_far_min': 2.0920843649820573, 'signals.range_expansion_so_far_max': 3.4268607875864463, 'signals.close_location_so_far_min': 0.674609493186047, 'signals.ema_distance_min': 0.23885878913326286, 'signals.ema_slope_min': 0.03947825244067036, 'signals.gap_pct_max': 0.5542284447681276, 'signals.current_return_pct_max': 0.9409144250834571, 'sizing.equal_slice_bankroll_fraction': 0.47347099063071835, 'sizing.target_risk_dollars': 163.90207445266586, 'sizing.max_concurrent_positions': 18, 'risk.daily_loss_pct': 0.046963580194636353, 'risk.max_gross_exposure_pct': 0.9142138578239033, 'risk.max_total_entries_per_day': 23, 'risk.max_lots_per_symbol': 5, 'risk.max_stopouts_per_day': 3, 'risk.stop_trading_after_consecutive_stopouts': 4, 'execution.max_quote_age_seconds': 60, 'execution.max_spread_bps': 103, 'exits.stop_pct': 0.11547361352750969, 'exits.target_pct': 0.38347282128486876, 'exits.max_hold_days': 3, 'exits.time_stop.exit_time': '15:45', 'exits.signal_fade.score_thresholds.soft': 0.30911424735215004, 'exits.signal_fade.score_thresholds.hard': 0.5839266626639857, 'exits.signal_fade.score_thresholds.critical': 0.8625991689470616}. Best is trial 17 with value: -1.5.
[I 2026-05-28 20:04:56,672] Trial 72 finished with value: -1.5 and parameters: {'signals.rvol_so_far_min': 0.7051961679475682, 'signals.rvol_so_far_max': 18.87491278168693, 'signals.projected_full_day_rvol_min': 0.8243414407968337, 'signals.projected_full_day_rvol_max': 6.992592782923907, 'signals.prior_atr_pct_min': 0.013422285164094971, 'signals.range_expansion_so_far_min': 1.986115688460135, 'signals.range_expansion_so_far_max': 3.5551231352682993, 'signals.close_location_so_far_min': 0.6367977166194697, 'signals.ema_distance_min': 0.233669102815243, 'signals.ema_slope_min': -0.00988237797025546, 'signals.gap_pct_max': 0.5529876039444508, 'signals.current_return_pct_max': 0.9173725665334705, 'sizing.equal_slice_bankroll_fraction': 0.49174162603980764, 'sizing.target_risk_dollars': 379.23537417874087, 'sizing.max_concurrent_positions': 25, 'risk.daily_loss_pct': 0.05543296695089088, 'risk.max_gross_exposure_pct': 0.5782806852738195, 'risk.max_total_entries_per_day': 19, 'risk.max_lots_per_symbol': 5, 'risk.max_stopouts_per_day': 3, 'risk.stop_trading_after_consecutive_stopouts': 4, 'execution.max_quote_age_seconds': 44, 'execution.max_spread_bps': 104, 'exits.stop_pct': 0.11498230971171958, 'exits.target_pct': 0.373347499769441, 'exits.max_hold_days': 3, 'exits.time_stop.exit_time': '15:45', 'exits.signal_fade.score_thresholds.soft': 0.28293356000532127, 'exits.signal_fade.score_thresholds.hard': 0.5896598277255141, 'exits.signal_fade.score_thresholds.critical': 0.8492998986632377}. Best is trial 17 with value: -1.5.
[I 2026-05-28 20:06:06,375] Trial 74 finished with value: -1.5 and parameters: {'signals.rvol_so_far_min': 0.5035349736414769, 'signals.rvol_so_far_max': 9.089693884278185, 'signals.projected_full_day_rvol_min': 0.8455700231099994, 'signals.projected_full_day_rvol_max': 4.948920686034613, 'signals.prior_atr_pct_min': 0.06944606758252793, 'signals.range_expansion_so_far_min': 2.064669134837027, 'signals.range_expansion_so_far_max': 3.28066466707699, 'signals.close_location_so_far_min': 0.6417236177655424, 'signals.ema_distance_min': 0.25135174109603037, 'signals.ema_slope_min': -0.007345121742607718, 'signals.gap_pct_max': 0.5968981997816558, 'signals.current_return_pct_max': 0.827596395007883, 'sizing.equal_slice_bankroll_fraction': 0.6178278022582717, 'sizing.target_risk_dollars': 346.977779783206, 'sizing.max_concurrent_positions': 27, 'risk.daily_loss_pct': 0.05407013383740229, 'risk.max_gross_exposure_pct': 0.3946128337012184, 'risk.max_total_entries_per_day': 19, 'risk.max_lots_per_symbol': 5, 'risk.max_stopouts_per_day': 3, 'risk.stop_trading_after_consecutive_stopouts': 4, 'execution.max_quote_age_seconds': 44, 'execution.max_spread_bps': 97, 'exits.stop_pct': 0.024630872737783666, 'exits.target_pct': 0.14888968249226897, 'exits.max_hold_days': 3, 'exits.time_stop.exit_time': '15:45', 'exits.signal_fade.score_thresholds.soft': 0.3014992196803381, 'exits.signal_fade.score_thresholds.hard': 0.5884864997166368, 'exits.signal_fade.score_thresholds.critical': 0.8676092062563782}. Best is trial 17 with value: -1.5.
[I 2026-05-28 20:06:25,554] Trial 73 finished with value: -1.5 and parameters: {'signals.rvol_so_far_min': 0.6818156045446468, 'signals.rvol_so_far_max': 9.562091592918895, 'signals.projected_full_day_rvol_min': 0.8161292147471279, 'signals.projected_full_day_rvol_max': 6.991044160167645, 'signals.prior_atr_pct_min': 0.015178915891523745, 'signals.range_expansion_so_far_min': 1.975662962260925, 'signals.range_expansion_so_far_max': 3.1932556983823472, 'signals.close_location_so_far_min': 0.5741208682751743, 'signals.ema_distance_min': 0.2330384134560738, 'signals.ema_slope_min': -0.005813501102776897, 'signals.gap_pct_max': 0.5112678646064819, 'signals.current_return_pct_max': 0.8170154234630448, 'sizing.equal_slice_bankroll_fraction': 0.6257717096544513, 'sizing.target_risk_dollars': 335.1643068194472, 'sizing.max_concurrent_positions': 25, 'risk.daily_loss_pct': 0.05677750189265074, 'risk.max_gross_exposure_pct': 0.44366503688343795, 'risk.max_total_entries_per_day': 19, 'risk.max_lots_per_symbol': 5, 'risk.max_stopouts_per_day': 3, 'risk.stop_trading_after_consecutive_stopouts': 4, 'execution.max_quote_age_seconds': 58, 'execution.max_spread_bps': 103, 'exits.stop_pct': 0.11106639809604363, 'exits.target_pct': 0.3687695339183827, 'exits.max_hold_days': 3, 'exits.time_stop.exit_time': '15:45', 'exits.signal_fade.score_thresholds.soft': 0.3012392333810673, 'exits.signal_fade.score_thresholds.hard': 0.5934266484630487, 'exits.signal_fade.score_thresholds.critical': 0.8590830961114433}. Best is trial 17 with value: -1.5.
[I 2026-05-28 20:07:17,249] Trial 75 finished with value: -1.5 and parameters: {'signals.rvol_so_far_min': 1.057151332048097, 'signals.rvol_so_far_max': 9.635682302484355, 'signals.projected_full_day_rvol_min': 1.7551666393893726, 'signals.projected_full_day_rvol_max': 4.805389384452772, 'signals.prior_atr_pct_min': 0.02314254639519986, 'signals.range_expansion_so_far_min': 1.9890925593156452, 'signals.range_expansion_so_far_max': 6.274786995190553, 'signals.close_location_so_far_min': 0.6496661454525104, 'signals.ema_distance_min': 0.24651667024499496, 'signals.ema_slope_min': -0.05387073112465032, 'signals.gap_pct_max': 0.5508530689969378, 'signals.current_return_pct_max': 0.8103840452538528, 'sizing.equal_slice_bankroll_fraction': 0.6146146553497459, 'sizing.target_risk_dollars': 313.4710867704512, 'sizing.max_concurrent_positions': 26, 'risk.daily_loss_pct': 0.058636384760588814, 'risk.max_gross_exposure_pct': 0.5744053830069354, 'risk.max_total_entries_per_day': 19, 'risk.max_lots_per_symbol': 5, 'risk.max_stopouts_per_day': 3, 'risk.stop_trading_after_consecutive_stopouts': 5, 'execution.max_quote_age_seconds': 98, 'execution.max_spread_bps': 105, 'exits.stop_pct': 0.024250353169450147, 'exits.target_pct': 0.052529700687214825, 'exits.max_hold_days': 3, 'exits.time_stop.exit_time': '15:45', 'exits.signal_fade.score_thresholds.soft': 0.2917822255014465, 'exits.signal_fade.score_thresholds.hard': 0.6014136815433648, 'exits.signal_fade.score_thresholds.critical': 0.7194106470751404}. Best is trial 17 with value: -1.5.
[I 2026-05-28 20:08:52,954] Trial 76 finished with value: -1.5 and parameters: {'signals.rvol_so_far_min': 0.9742011214472064, 'signals.rvol_so_far_max': 9.608925146822875, 'signals.projected_full_day_rvol_min': 0.8468462147220983, 'signals.projected_full_day_rvol_max': 4.84122813420752, 'signals.prior_atr_pct_min': 0.0706363213868724, 'signals.range_expansion_so_far_min': 0.45957574325762945, 'signals.range_expansion_so_far_max': 3.2779361762790704, 'signals.close_location_so_far_min': 0.6523052551140985, 'signals.ema_distance_min': 0.20679561686810824, 'signals.ema_slope_min': -0.007180338856604365, 'signals.gap_pct_max': 0.5149333656553974, 'signals.current_return_pct_max': 0.822678115013353, 'sizing.equal_slice_bankroll_fraction': 0.616011653148653, 'sizing.target_risk_dollars': 329.2600613535091, 'sizing.max_concurrent_positions': 26, 'risk.daily_loss_pct': 0.05933582000507834, 'risk.max_gross_exposure_pct': 0.39732567868087587, 'risk.max_total_entries_per_day': 18, 'risk.max_lots_per_symbol': 4, 'risk.max_stopouts_per_day': 3, 'risk.stop_trading_after_consecutive_stopouts': 5, 'execution.max_quote_age_seconds': 58, 'execution.max_spread_bps': 102, 'exits.stop_pct': 0.02499043782425952, 'exits.target_pct': 0.1652829597340294, 'exits.max_hold_days': 3, 'exits.time_stop.exit_time': '15:45', 'exits.signal_fade.score_thresholds.soft': 0.3098274692683217, 'exits.signal_fade.score_thresholds.hard': 0.5565578663196417, 'exits.signal_fade.score_thresholds.critical': 0.7259704860607362}. Best is trial 17 with value: -1.5.
[I 2026-05-28 20:10:06,581] Trial 77 finished with value: -1.5 and parameters: {'signals.rvol_so_far_min': 2.436707398250323, 'signals.rvol_so_far_max': 18.311145380732523, 'signals.projected_full_day_rvol_min': 0.8399626681007821, 'signals.projected_full_day_rvol_max': 4.82839891081424, 'signals.prior_atr_pct_min': 0.013962640781154827, 'signals.range_expansion_so_far_min': 1.9586217801015147, 'signals.range_expansion_so_far_max': 3.0445977602555354, 'signals.close_location_so_far_min': 0.7613632327205275, 'signals.ema_distance_min': 0.26479393027382275, 'signals.ema_slope_min': -0.05323286709619494, 'signals.gap_pct_max': 0.5275254252804641, 'signals.current_return_pct_max': 0.8428697194394152, 'sizing.equal_slice_bankroll_fraction': 0.6297839752863625, 'sizing.target_risk_dollars': 311.0062044306449, 'sizing.max_concurrent_positions': 25, 'risk.daily_loss_pct': 0.05582283244171487, 'risk.max_gross_exposure_pct': 0.6831890590662869, 'risk.max_total_entries_per_day': 18, 'risk.max_lots_per_symbol': 4, 'risk.max_stopouts_per_day': 6, 'risk.stop_trading_after_consecutive_stopouts': 5, 'execution.max_quote_age_seconds': 94, 'execution.max_spread_bps': 94, 'exits.stop_pct': 0.028757522142395967, 'exits.target_pct': 0.16897470422756278, 'exits.max_hold_days': 3, 'exits.time_stop.exit_time': '15:45', 'exits.signal_fade.score_thresholds.soft': 0.38760271361823995, 'exits.signal_fade.score_thresholds.hard': 0.5640778617086775, 'exits.signal_fade.score_thresholds.critical': 0.8700641426219305}. Best is trial 17 with value: -1.5.
[I 2026-05-28 20:12:33,503] Trial 78 finished with value: -1.5 and parameters: {'signals.rvol_so_far_min': 0.4007049221072658, 'signals.rvol_so_far_max': 9.362256110327198, 'signals.projected_full_day_rvol_min': 0.8175403926862329, 'signals.projected_full_day_rvol_max': 6.986238391572029, 'signals.prior_atr_pct_min': 0.07068282014280193, 'signals.range_expansion_so_far_min': 2.070688454591104, 'signals.range_expansion_so_far_max': 3.1154313963318736, 'signals.close_location_so_far_min': 0.5692049617087647, 'signals.ema_distance_min': 0.2028784459428644, 'signals.ema_slope_min': -0.009557054438393418, 'signals.gap_pct_max': 0.5664782719501141, 'signals.current_return_pct_max': 0.8352449331077304, 'sizing.equal_slice_bankroll_fraction': 0.4428368766504811, 'sizing.target_risk_dollars': 319.0210265305165, 'sizing.max_concurrent_positions': 25, 'risk.daily_loss_pct': 0.05648643246700808, 'risk.max_gross_exposure_pct': 0.9693881401027735, 'risk.max_total_entries_per_day': 25, 'risk.max_lots_per_symbol': 4, 'risk.max_stopouts_per_day': 6, 'risk.stop_trading_after_consecutive_stopouts': 5, 'execution.max_quote_age_seconds': 93, 'execution.max_spread_bps': 178, 'exits.stop_pct': 0.028018230278571258, 'exits.target_pct': 0.15927876217598638, 'exits.max_hold_days': 3, 'exits.time_stop.exit_time': '15:45', 'exits.signal_fade.score_thresholds.soft': 0.31428806916866575, 'exits.signal_fade.score_thresholds.hard': 0.5580628093106368, 'exits.signal_fade.score_thresholds.critical': 0.7162454628925614}. Best is trial 17 with value: -1.5.
[I 2026-05-28 20:18:10,524] Trial 79 finished with value: -1.5 and parameters: {'signals.rvol_so_far_min': 0.4093723575542634, 'signals.rvol_so_far_max': 9.236748002069994, 'signals.projected_full_day_rvol_min': 2.598458405690881, 'signals.projected_full_day_rvol_max': 6.745838497946359, 'signals.prior_atr_pct_min': 0.014243916388728378, 'signals.range_expansion_so_far_min': 1.9950997382209494, 'signals.range_expansion_so_far_max': 3.2032620858575767, 'signals.close_location_so_far_min': 0.5388094902715044, 'signals.ema_distance_min': 0.2542421909348133, 'signals.ema_slope_min': 0.04022196235375779, 'signals.gap_pct_max': 0.5188870123229664, 'signals.current_return_pct_max': 0.8123591674245952, 'sizing.equal_slice_bankroll_fraction': 0.43259475652364693, 'sizing.target_risk_dollars': 257.54156174535456, 'sizing.max_concurrent_positions': 26, 'risk.daily_loss_pct': 0.05612892217140365, 'risk.max_gross_exposure_pct': 0.6819330883508037, 'risk.max_total_entries_per_day': 5, 'risk.max_lots_per_symbol': 4, 'risk.max_stopouts_per_day': 5, 'risk.stop_trading_after_consecutive_stopouts': 6, 'execution.max_quote_age_seconds': 95, 'execution.max_spread_bps': 178, 'exits.stop_pct': 0.02863819763014505, 'exits.target_pct': 0.05656488057654738, 'exits.max_hold_days': 3, 'exits.time_stop.exit_time': '15:55', 'exits.signal_fade.score_thresholds.soft': 0.3077004242264069, 'exits.signal_fade.score_thresholds.hard': 0.5662520053019587, 'exits.signal_fade.score_thresholds.critical': 0.664767300108258}. Best is trial 17 with value: -1.5.